2026-06-01 22:14:16 | INFO | *******************************************************
2026-06-01 22:14:16 | INFO |   MEMULAI TUNING — modelling_tuning.py
2026-06-01 22:14:16 | INFO | *******************************************************
2026-06-01 22:14:20 | INFO | MLflow Tracking URI : https://dagshub.com/DioAbiyyuZidaneGinting/telco-churn-mlops.mlflow
2026-06-01 22:14:20 | INFO | Loading: telco_churn_preprocessed.csv
2026-06-01 22:14:20 | INFO |   Shape: (7043, 37)
2026-06-01 22:14:20 | INFO |   Train: 5634 | Test: 1409
2026-06-01 22:14:20 | INFO | Running GridSearchCV | param_grid: {'n_estimators': [50, 100, 200], 'max_depth': [5, 10, None], 'min_samples_split': [2, 5], 'class_weight': ['balanced']}
2026-06-01 22:14:33 | INFO |   Best params : {'class_weight': 'balanced', 'max_depth': 10, 'min_samples_split': 2, 'n_estimators': 100}
2026-06-01 22:14:33 | INFO |   Best CV F1  : 0.6340
2026-06-01 22:14:34 | INFO | MLflow Run ID: 3892079d00484040a6793f3e9d025c73
2026-06-01 22:14:40 | INFO | 
              precision    recall  f1-score   support

    No Churn       0.88      0.79      0.83      1035
       Churn       0.55      0.72      0.62       374

    accuracy                           0.77      1409
   macro avg       0.72      0.75      0.73      1409
weighted avg       0.80      0.77      0.78      1409

2026-06-01 22:15:14 | INFO | === Final Metrics ===
2026-06-01 22:15:14 | INFO |   accuracy: 0.7686
2026-06-01 22:15:14 | INFO |   precision: 0.5492
2026-06-01 22:15:14 | INFO |   recall: 0.7166
2026-06-01 22:15:14 | INFO |   f1_score: 0.6218
2026-06-01 22:15:14 | INFO |   roc_auc: 0.8408
2026-06-01 22:15:15 | INFO | *******************************************************
2026-06-01 22:15:15 | INFO |   TUNING SELESAI
2026-06-01 22:15:15 | INFO | *******************************************************
